0 info it worked if it ends with ok
1 verbose cli [ '/usr/local/bin/node', '/usr/local/bin/npm', 'run', 'lint' ]
2 info using npm@3.10.8
3 info using node@v4.6.0
4 verbose run-script [ 'prelint', 'lint', 'postlint' ]
5 info lifecycle eatlikeprosite@1.0.0~prelint: eatlikeprosite@1.0.0
6 silly lifecycle eatlikeprosite@1.0.0~prelint: no script for prelint, continuing
7 info lifecycle eatlikeprosite@1.0.0~lint: eatlikeprosite@1.0.0
8 verbose lifecycle eatlikeprosite@1.0.0~lint: unsafe-perm in lifecycle true
9 verbose lifecycle eatlikeprosite@1.0.0~lint: PATH: /usr/local/lib/node_modules/npm/bin/node-gyp-bin:/Users/vitaliychorniy/Development/elpweb/node_modules/.bin:/usr/local/bin:/usr/bin:/bin:/usr/sbin:/sbin
10 verbose lifecycle eatlikeprosite@1.0.0~lint: CWD: /Users/vitaliychorniy/Development/elpweb
11 silly lifecycle eatlikeprosite@1.0.0~lint: Args: [ '-c', 'tslint ./src/**/*.ts -t verbose' ]
12 silly lifecycle eatlikeprosite@1.0.0~lint: Returned: code: 1  signal: null
13 info lifecycle eatlikeprosite@1.0.0~lint: Failed to exec lint script
14 verbose stack Error: eatlikeprosite@1.0.0 lint: `tslint ./src/**/*.ts -t verbose`
14 verbose stack Exit status 1
14 verbose stack     at EventEmitter.<anonymous> (/usr/local/lib/node_modules/npm/lib/utils/lifecycle.js:255:16)
14 verbose stack     at emitTwo (events.js:87:13)
14 verbose stack     at EventEmitter.emit (events.js:172:7)
14 verbose stack     at ChildProcess.<anonymous> (/usr/local/lib/node_modules/npm/lib/utils/spawn.js:40:14)
14 verbose stack     at emitTwo (events.js:87:13)
14 verbose stack     at ChildProcess.emit (events.js:172:7)
14 verbose stack     at maybeClose (internal/child_process.js:829:16)
14 verbose stack     at Process.ChildProcess._handle.onexit (internal/child_process.js:211:5)
15 verbose pkgid eatlikeprosite@1.0.0
16 verbose cwd /Users/vitaliychorniy/Development/elpweb
17 error Darwin 15.6.0
18 error argv "/usr/local/bin/node" "/usr/local/bin/npm" "run" "lint"
19 error node v4.6.0
20 error npm  v3.10.8
21 error code ELIFECYCLE
22 error eatlikeprosite@1.0.0 lint: `tslint ./src/**/*.ts -t verbose`
22 error Exit status 1
23 error Failed at the eatlikeprosite@1.0.0 lint script 'tslint ./src/**/*.ts -t verbose'.
23 error Make sure you have the latest version of node.js and npm installed.
23 error If you do, this is most likely a problem with the eatlikeprosite package,
23 error not with npm itself.
23 error Tell the author that this fails on your system:
23 error     tslint ./src/**/*.ts -t verbose
23 error You can get information on how to open an issue for this project with:
23 error     npm bugs eatlikeprosite
23 error Or if that isn't available, you can get their info via:
23 error     npm owner ls eatlikeprosite
23 error There is likely additional logging output above.
24 verbose exit [ 1, true ]
